[18.616s] DEBUG:colcon:Command line arguments: ['/usr/bin/colcon', 'build', '--packages-select', 'py_pubsub']
[18.624s] DEBUG:colcon:Parsed command line arguments: Namespace(log_base=None, log_level=None, verb_name='build', build_base='build', install_base='install', merge_install=False, symlink_install=False, test_result_base=None, continue_on_error=False, executor='parallel', parallel_workers=4, event_handlers=None, ignore_user_meta=False, metas=['./colcon.meta'], base_paths=['.'], packages_ignore=None, packages_ignore_regex=None, paths=None, packages_up_to=None, packages_up_to_regex=None, packages_above=None, packages_above_and_dependencies=None, packages_above_depth=None, packages_select_by_dep=None, packages_skip_by_dep=None, packages_skip_up_to=None, packages_select_build_failed=False, packages_skip_build_finished=False, packages_select_test_failures=False, packages_skip_test_passed=False, packages_select=['py_pubsub'], packages_skip=None, packages_select_regex=None, packages_skip_regex=None, packages_start=None, packages_end=None, allow_overriding=[], cmake_args=None, cmake_target=None, cmake_target_skip_unavailable=False, cmake_clean_cache=False, cmake_clean_first=False, cmake_force_configure=False, ament_cmake_args=None, catkin_cmake_args=None, catkin_skip_building_tests=False, verb_parser=<colcon_defaults.argument_parser.defaults.DefaultArgumentsDecorator object at 0xb5a02598>, verb_extension=<colcon_core.verb.build.BuildVerb object at 0xb5b92370>, main=<bound method BuildVerb.main of <colcon_core.verb.build.BuildVerb object at 0xb5b92370>>)
[20.141s] Level 1:colcon.colcon_core.package_discovery:discover_packages(colcon_meta) check parameters
[20.142s] Level 1:colcon.colcon_core.package_discovery:discover_packages(recursive) check parameters
[20.143s] Level 1:colcon.colcon_core.package_discovery:discover_packages(ignore) check parameters
[20.144s] Level 1:colcon.colcon_core.package_discovery:discover_packages(path) check parameters
[20.144s] Level 1:colcon.colcon_core.package_discovery:discover_packages(colcon_meta) discover
[20.146s] Level 1:colcon.colcon_core.package_discovery:discover_packages(recursive) discover
[20.147s] INFO:colcon.colcon_core.package_discovery:Crawling recursively for packages in '/home/pi/ros2_ws/src/py_pubsub'
[20.149s] Level 1:colcon.colcon_core.package_identification:_identify(.) by extensions ['ignore', 'ignore_ament_install']
[20.151s] Level 1:colcon.colcon_core.package_identification:_identify(.) by extension 'ignore'
[20.152s] Level 1:colcon.colcon_core.package_identification:_identify(.) by extension 'ignore_ament_install'
[20.153s] Level 1:colcon.colcon_core.package_identification:_identify(.) by extensions ['colcon_pkg']
[20.154s] Level 1:colcon.colcon_core.package_identification:_identify(.) by extension 'colcon_pkg'
[20.155s] Level 1:colcon.colcon_core.package_identification:_identify(.) by extensions ['colcon_meta']
[20.156s] Level 1:colcon.colcon_core.package_identification:_identify(.) by extension 'colcon_meta'
[20.157s] Level 1:colcon.colcon_core.package_identification:_identify(.) by extensions ['ros']
[20.158s] Level 1:colcon.colcon_core.package_identification:_identify(.) by extension 'ros'
[20.607s] DEBUG:colcon.colcon_core.package_identification:Package '.' with type 'ros.ament_python' and name 'py_pubsub'
[20.608s] Level 1:colcon.colcon_core.package_discovery:discover_packages(recursive) using defaults
[20.609s] Level 1:colcon.colcon_core.package_discovery:discover_packages(ignore) discover
[20.610s] Level 1:colcon.colcon_core.package_discovery:discover_packages(ignore) using defaults
[20.611s] Level 1:colcon.colcon_core.package_discovery:discover_packages(path) discover
[20.611s] Level 1:colcon.colcon_core.package_discovery:discover_packages(path) using defaults
[22.166s] Level 1:colcon.colcon_core.package_discovery:discover_packages(prefix_path) check parameters
[22.167s] Level 1:colcon.colcon_core.package_discovery:discover_packages(prefix_path) discover
[27.186s] DEBUG:colcon.colcon_installed_package_information.package_discovery:Found 342 installed packages in /home/pi/ros2_humble/install
[27.244s] Level 1:colcon.colcon_core.package_discovery:discover_packages(prefix_path) using defaults
[32.082s] Level 5:colcon.colcon_core.verb:set package 'py_pubsub' build argument 'cmake_args' from command line to 'None'
[32.084s] Level 5:colcon.colcon_core.verb:set package 'py_pubsub' build argument 'cmake_target' from command line to 'None'
[32.085s] Level 5:colcon.colcon_core.verb:set package 'py_pubsub' build argument 'cmake_target_skip_unavailable' from command line to 'False'
[32.086s] Level 5:colcon.colcon_core.verb:set package 'py_pubsub' build argument 'cmake_clean_cache' from command line to 'False'
[32.087s] Level 5:colcon.colcon_core.verb:set package 'py_pubsub' build argument 'cmake_clean_first' from command line to 'False'
[32.088s] Level 5:colcon.colcon_core.verb:set package 'py_pubsub' build argument 'cmake_force_configure' from command line to 'False'
[32.089s] Level 5:colcon.colcon_core.verb:set package 'py_pubsub' build argument 'ament_cmake_args' from command line to 'None'
[32.090s] Level 5:colcon.colcon_core.verb:set package 'py_pubsub' build argument 'catkin_cmake_args' from command line to 'None'
[32.090s] Level 5:colcon.colcon_core.verb:set package 'py_pubsub' build argument 'catkin_skip_building_tests' from command line to 'False'
[32.091s] DEBUG:colcon.colcon_core.verb:Building package 'py_pubsub' with the following arguments: {'ament_cmake_args': None, 'build_base': '/home/pi/ros2_ws/src/py_pubsub/build/py_pubsub', 'catkin_cmake_args': None, 'catkin_skip_building_tests': False, 'cmake_args': None, 'cmake_clean_cache': False, 'cmake_clean_first': False, 'cmake_force_configure': False, 'cmake_target': None, 'cmake_target_skip_unavailable': False, 'install_base': '/home/pi/ros2_ws/src/py_pubsub/install/py_pubsub', 'merge_install': False, 'path': '/home/pi/ros2_ws/src/py_pubsub', 'symlink_install': False, 'test_result_base': None}
[32.126s] INFO:colcon.colcon_core.executor:Executing jobs using 'parallel' executor
[32.305s] DEBUG:colcon.colcon_parallel_executor.executor.parallel:run_until_complete
[32.309s] INFO:colcon.colcon_ros.task.ament_python.build:Building ROS package in '/home/pi/ros2_ws/src/py_pubsub' with build type 'ament_python'
[32.313s] Level 1:colcon.colcon_core.shell:create_environment_hook('py_pubsub', 'ament_prefix_path')
[32.574s] INFO:colcon.colcon_core.plugin_system:Skipping extension 'colcon_core.shell.bat': Not used on non-Windows systems
[32.578s] INFO:colcon.colcon_core.shell:Creating environment hook '/home/pi/ros2_ws/src/py_pubsub/install/py_pubsub/share/py_pubsub/hook/ament_prefix_path.ps1'
[32.594s] INFO:colcon.colcon_core.shell:Creating environment descriptor '/home/pi/ros2_ws/src/py_pubsub/install/py_pubsub/share/py_pubsub/hook/ament_prefix_path.dsv'
[32.604s] INFO:colcon.colcon_core.shell:Creating environment hook '/home/pi/ros2_ws/src/py_pubsub/install/py_pubsub/share/py_pubsub/hook/ament_prefix_path.sh'
[32.674s] INFO:colcon.colcon_core.shell:Skip shell extension 'powershell' for command environment: Not usable outside of PowerShell
[32.675s] DEBUG:colcon.colcon_core.shell:Skip shell extension 'dsv' for command environment
[47.359s] INFO:colcon.colcon_core.task.python.build:Building Python package in '/home/pi/ros2_ws/src/py_pubsub'
[47.414s] INFO:colcon.colcon_core.shell:Skip shell extension 'powershell' for command environment: Not usable outside of PowerShell
[47.415s] DEBUG:colcon.colcon_core.shell:Skip shell extension 'dsv' for command environment
[64.608s] DEBUG:colcon.colcon_core.event_handler.log_command:Invoking command in '/home/pi/ros2_ws/src/py_pubsub': PYTHONPATH=/home/pi/ros2_ws/src/py_pubsub/build/py_pubsub/prefix_override:/home/pi/ros2_ws/src/py_pubsub/install/py_pubsub/lib/python3.10/site-packages:${PYTHONPATH} /usr/bin/python3 setup.py egg_info --egg-base build/py_pubsub build --build-base /home/pi/ros2_ws/src/py_pubsub/build/py_pubsub/build install --record /home/pi/ros2_ws/src/py_pubsub/build/py_pubsub/install.log --single-version-externally-managed
[77.031s] DEBUG:colcon.colcon_core.event_handler.log_command:Invoked command in '/home/pi/ros2_ws/src/py_pubsub' returned '0': PYTHONPATH=/home/pi/ros2_ws/src/py_pubsub/build/py_pubsub/prefix_override:/home/pi/ros2_ws/src/py_pubsub/install/py_pubsub/lib/python3.10/site-packages:${PYTHONPATH} /usr/bin/python3 setup.py egg_info --egg-base build/py_pubsub build --build-base /home/pi/ros2_ws/src/py_pubsub/build/py_pubsub/build install --record /home/pi/ros2_ws/src/py_pubsub/build/py_pubsub/install.log --single-version-externally-managed
[77.262s] Level 1:colcon.colcon_core.environment:checking '/home/pi/ros2_ws/src/py_pubsub/install/py_pubsub' for CMake module files
[77.269s] Level 1:colcon.colcon_core.environment:checking '/home/pi/ros2_ws/src/py_pubsub/install/py_pubsub' for CMake config files
[77.277s] Level 1:colcon.colcon_core.environment:checking '/home/pi/ros2_ws/src/py_pubsub/install/py_pubsub/lib'
[77.280s] Level 1:colcon.colcon_core.environment:checking '/home/pi/ros2_ws/src/py_pubsub/install/py_pubsub/bin'
[77.282s] Level 1:colcon.colcon_core.environment:checking '/home/pi/ros2_ws/src/py_pubsub/install/py_pubsub/lib/pkgconfig/py_pubsub.pc'
[77.286s] Level 1:colcon.colcon_core.environment:checking '/home/pi/ros2_ws/src/py_pubsub/install/py_pubsub/lib/python3.10/site-packages'
[77.287s] Level 1:colcon.colcon_core.shell:create_environment_hook('py_pubsub', 'pythonpath')
[77.340s] INFO:colcon.colcon_core.shell:Creating environment hook '/home/pi/ros2_ws/src/py_pubsub/install/py_pubsub/share/py_pubsub/hook/pythonpath.ps1'
[77.345s] INFO:colcon.colcon_core.shell:Creating environment descriptor '/home/pi/ros2_ws/src/py_pubsub/install/py_pubsub/share/py_pubsub/hook/pythonpath.dsv'
[77.351s] INFO:colcon.colcon_core.shell:Creating environment hook '/home/pi/ros2_ws/src/py_pubsub/install/py_pubsub/share/py_pubsub/hook/pythonpath.sh'
[77.360s] Level 1:colcon.colcon_core.environment:checking '/home/pi/ros2_ws/src/py_pubsub/install/py_pubsub/bin'
[77.361s] Level 1:colcon.colcon_core.environment:create_environment_scripts_only(py_pubsub)
[77.416s] INFO:colcon.colcon_core.shell:Creating package script '/home/pi/ros2_ws/src/py_pubsub/install/py_pubsub/share/py_pubsub/package.ps1'
[77.432s] INFO:colcon.colcon_core.shell:Creating package descriptor '/home/pi/ros2_ws/src/py_pubsub/install/py_pubsub/share/py_pubsub/package.dsv'
[77.442s] INFO:colcon.colcon_core.shell:Creating package script '/home/pi/ros2_ws/src/py_pubsub/install/py_pubsub/share/py_pubsub/package.sh'
[77.459s] INFO:colcon.colcon_core.shell:Creating package script '/home/pi/ros2_ws/src/py_pubsub/install/py_pubsub/share/py_pubsub/package.bash'
[77.475s] INFO:colcon.colcon_core.shell:Creating package script '/home/pi/ros2_ws/src/py_pubsub/install/py_pubsub/share/py_pubsub/package.zsh'
[77.491s] Level 1:colcon.colcon_core.environment:create_file_with_runtime_dependencies(/home/pi/ros2_ws/src/py_pubsub/install/py_pubsub/share/colcon-core/packages/py_pubsub)
[77.495s] DEBUG:colcon.colcon_parallel_executor.executor.parallel:closing loop
[77.499s] DEBUG:colcon.colcon_parallel_executor.executor.parallel:loop closed
[77.501s] DEBUG:colcon.colcon_parallel_executor.executor.parallel:run_until_complete finished with '0'
[77.504s] DEBUG:colcon.colcon_core.event_reactor:joining thread
[77.820s] INFO:colcon.colcon_core.plugin_system:Skipping extension 'colcon_notification.desktop_notification.notify_send': Could not find 'notify-send'
[77.821s] INFO:colcon.colcon_core.plugin_system:Skipping extension 'colcon_notification.desktop_notification.terminal_notifier': Not used on non-Darwin systems
[77.823s] INFO:colcon.colcon_core.plugin_system:Skipping extension 'colcon_notification.desktop_notification.win32': Not used on non-Windows systems
[77.823s] INFO:colcon.colcon_notification.desktop_notification:Sending desktop notification using 'notify2'
[78.391s] DEBUG:colcon.colcon_notification.desktop_notification.notify2:Failed to initialize notify2: org.freedesktop.DBus.Error.ServiceUnknown: The name org.freedesktop.Notifications was not provided by any .service files
[78.392s] DEBUG:colcon.colcon_core.event_reactor:joined thread
[78.450s] INFO:colcon.colcon_core.shell:Creating prefix script '/home/pi/ros2_ws/src/py_pubsub/install/local_setup.ps1'
[78.469s] INFO:colcon.colcon_core.shell:Creating prefix util module '/home/pi/ros2_ws/src/py_pubsub/install/_local_setup_util_ps1.py'
[78.499s] INFO:colcon.colcon_core.shell:Creating prefix chain script '/home/pi/ros2_ws/src/py_pubsub/install/setup.ps1'
[78.747s] INFO:colcon.colcon_core.shell:Creating prefix script '/home/pi/ros2_ws/src/py_pubsub/install/local_setup.sh'
[78.758s] INFO:colcon.colcon_core.shell:Creating prefix util module '/home/pi/ros2_ws/src/py_pubsub/install/_local_setup_util_sh.py'
[78.765s] INFO:colcon.colcon_core.shell:Creating prefix chain script '/home/pi/ros2_ws/src/py_pubsub/install/setup.sh'
[79.009s] INFO:colcon.colcon_core.shell:Creating prefix script '/home/pi/ros2_ws/src/py_pubsub/install/local_setup.bash'
[79.019s] INFO:colcon.colcon_core.shell:Creating prefix chain script '/home/pi/ros2_ws/src/py_pubsub/install/setup.bash'
[79.263s] INFO:colcon.colcon_core.shell:Creating prefix script '/home/pi/ros2_ws/src/py_pubsub/install/local_setup.zsh'
[79.272s] INFO:colcon.colcon_core.shell:Creating prefix chain script '/home/pi/ros2_ws/src/py_pubsub/install/setup.zsh'
