[32.296s] Invoking command in '/home/pi/ros2_ws/src/py_pubsub': PYTHONPATH=/home/pi/ros2_ws/src/py_pubsub/build/py_pubsub/prefix_override:/home/pi/ros2_ws/src/py_pubsub/install/py_pubsub/lib/python3.10/site-packages:${PYTHONPATH} /usr/bin/python3 setup.py egg_info --egg-base build/py_pubsub build --build-base /home/pi/ros2_ws/src/py_pubsub/build/py_pubsub/build install --record /home/pi/ros2_ws/src/py_pubsub/build/py_pubsub/install.log --single-version-externally-managed
[43.249s] running egg_info
[43.258s] creating build/py_pubsub/py_pubsub.egg-info
[43.262s] writing build/py_pubsub/py_pubsub.egg-info/PKG-INFO
[43.265s] writing dependency_links to build/py_pubsub/py_pubsub.egg-info/dependency_links.txt
[43.268s] writing entry points to build/py_pubsub/py_pubsub.egg-info/entry_points.txt
[43.270s] writing requirements to build/py_pubsub/py_pubsub.egg-info/requires.txt
[43.271s] writing top-level names to build/py_pubsub/py_pubsub.egg-info/top_level.txt
[43.275s] writing manifest file 'build/py_pubsub/py_pubsub.egg-info/SOURCES.txt'
[43.304s] reading manifest file 'build/py_pubsub/py_pubsub.egg-info/SOURCES.txt'
[43.317s] writing manifest file 'build/py_pubsub/py_pubsub.egg-info/SOURCES.txt'
[43.318s] running build
[43.321s] running build_py
[43.323s] creating /home/pi/ros2_ws/src/py_pubsub/build/py_pubsub/build
[43.325s] creating /home/pi/ros2_ws/src/py_pubsub/build/py_pubsub/build/lib
[43.329s] creating /home/pi/ros2_ws/src/py_pubsub/build/py_pubsub/build/lib/py_pubsub
[43.332s] copying py_pubsub/subscriber_member_function.py -> /home/pi/ros2_ws/src/py_pubsub/build/py_pubsub/build/lib/py_pubsub
[43.333s] copying py_pubsub/__init__.py -> /home/pi/ros2_ws/src/py_pubsub/build/py_pubsub/build/lib/py_pubsub
[43.336s] copying py_pubsub/publisher_member_function.py -> /home/pi/ros2_ws/src/py_pubsub/build/py_pubsub/build/lib/py_pubsub
[43.339s] running install
[43.340s] /usr/lib/python3/dist-packages/setuptools/command/install.py:34: SetuptoolsDeprecationWarning: setup.py install is deprecated. Use build and pip and other standards-based tools.
[43.342s]   warnings.warn(
[43.344s] running install_lib
[43.354s] creating /home/pi/ros2_ws/src/py_pubsub/install/py_pubsub/lib/python3.10/site-packages/py_pubsub
[43.356s] copying /home/pi/ros2_ws/src/py_pubsub/build/py_pubsub/build/lib/py_pubsub/subscriber_member_function.py -> /home/pi/ros2_ws/src/py_pubsub/install/py_pubsub/lib/python3.10/site-packages/py_pubsub
[43.358s] copying /home/pi/ros2_ws/src/py_pubsub/build/py_pubsub/build/lib/py_pubsub/__init__.py -> /home/pi/ros2_ws/src/py_pubsub/install/py_pubsub/lib/python3.10/site-packages/py_pubsub
[43.360s] copying /home/pi/ros2_ws/src/py_pubsub/build/py_pubsub/build/lib/py_pubsub/publisher_member_function.py -> /home/pi/ros2_ws/src/py_pubsub/install/py_pubsub/lib/python3.10/site-packages/py_pubsub
[43.413s] byte-compiling /home/pi/ros2_ws/src/py_pubsub/install/py_pubsub/lib/python3.10/site-packages/py_pubsub/subscriber_member_function.py to subscriber_member_function.cpython-310.pyc
[43.419s] byte-compiling /home/pi/ros2_ws/src/py_pubsub/install/py_pubsub/lib/python3.10/site-packages/py_pubsub/__init__.py to __init__.cpython-310.pyc
[43.422s] byte-compiling /home/pi/ros2_ws/src/py_pubsub/install/py_pubsub/lib/python3.10/site-packages/py_pubsub/publisher_member_function.py to publisher_member_function.cpython-310.pyc
[43.427s] running install_data
[43.437s] creating /home/pi/ros2_ws/src/py_pubsub/install/py_pubsub/share/ament_index
[43.441s] creating /home/pi/ros2_ws/src/py_pubsub/install/py_pubsub/share/ament_index/resource_index
[43.442s] creating /home/pi/ros2_ws/src/py_pubsub/install/py_pubsub/share/ament_index/resource_index/packages
[43.444s] copying resource/py_pubsub -> /home/pi/ros2_ws/src/py_pubsub/install/py_pubsub/share/ament_index/resource_index/packages
[43.446s] copying package.xml -> /home/pi/ros2_ws/src/py_pubsub/install/py_pubsub/share/py_pubsub
[43.447s] running install_egg_info
[43.512s] Copying build/py_pubsub/py_pubsub.egg-info to /home/pi/ros2_ws/src/py_pubsub/install/py_pubsub/lib/python3.10/site-packages/py_pubsub-0.0.0-py3.10.egg-info
[43.526s] running install_scripts
[44.360s] Installing listener script to /home/pi/ros2_ws/src/py_pubsub/install/py_pubsub/lib/py_pubsub
[44.361s] Installing talker script to /home/pi/ros2_ws/src/py_pubsub/install/py_pubsub/lib/py_pubsub
[44.365s] writing list of installed files to '/home/pi/ros2_ws/src/py_pubsub/build/py_pubsub/install.log'
[44.713s] Invoked command in '/home/pi/ros2_ws/src/py_pubsub' returned '0': PYTHONPATH=/home/pi/ros2_ws/src/py_pubsub/build/py_pubsub/prefix_override:/home/pi/ros2_ws/src/py_pubsub/install/py_pubsub/lib/python3.10/site-packages:${PYTHONPATH} /usr/bin/python3 setup.py egg_info --egg-base build/py_pubsub build --build-base /home/pi/ros2_ws/src/py_pubsub/build/py_pubsub/build install --record /home/pi/ros2_ws/src/py_pubsub/build/py_pubsub/install.log --single-version-externally-managed
